14.04.2023 22:37:39 [INFO] Logger has been initialized!
14.04.2023 22:37:39 [DEBUG] Displaying config values!
14.04.2023 22:37:39 [DEBUG] [SECTION]: LOG
14.04.2023 22:37:39 [DEBUG]   Options: ['log_level', 'log_file_prefix', 'log_date_fmt', 'log_dir_name', 'name', 'data_dir_name']
14.04.2023 22:37:39 [DEBUG]     name = LH
14.04.2023 22:37:39 [DEBUG]     data_dir_name = data
14.04.2023 22:37:39 [DEBUG]     log_level = DEBUG
14.04.2023 22:37:39 [DEBUG]     log_file_prefix = LH
14.04.2023 22:37:39 [DEBUG]     log_date_fmt = %d.%m.%Y %H:%M:%S
14.04.2023 22:37:39 [DEBUG]     log_dir_name = logs
14.04.2023 22:37:39 [INFO] Initializing Browser Instance!
14.04.2023 22:47:23 [INFO] Logger has been initialized!
14.04.2023 22:47:23 [DEBUG] Displaying config values!
14.04.2023 22:47:23 [DEBUG] [SECTION]: LOG
14.04.2023 22:47:23 [DEBUG]   Options: ['log_level', 'log_file_prefix', 'log_date_fmt', 'log_dir_name', 'name', 'data_dir_name']
14.04.2023 22:47:23 [DEBUG]     name = LH
14.04.2023 22:47:23 [DEBUG]     data_dir_name = data
14.04.2023 22:47:23 [DEBUG]     log_level = DEBUG
14.04.2023 22:47:23 [DEBUG]     log_file_prefix = LH
14.04.2023 22:47:23 [DEBUG]     log_date_fmt = %d.%m.%Y %H:%M:%S
14.04.2023 22:47:23 [DEBUG]     log_dir_name = logs
14.04.2023 22:47:23 [INFO] Initializing Browser Instance!
14.04.2023 22:47:23 [DEBUG] driver_path: ./chromedriver
14.04.2023 22:47:23 [DEBUG] --headless mode enabled
14.04.2023 22:47:23 [DEBUG] --no-sandbox mode enabled
14.04.2023 22:47:23 [DEBUG] --disable-setuid-sandbox mode enabled
14.04.2023 22:47:23 [DEBUG] --ignore-certificate-errors mode enabled
14.04.2023 22:47:50 [INFO] Browser has been initialized!
14.04.2023 22:47:53 [INFO] Loading URL:https://www.myparts.ge/en/
14.04.2023 22:48:11 [DEBUG] URL is loaded:https://www.myparts.ge/en/
14.04.2023 22:48:11 [INFO] Closing modal container
14.04.2023 22:48:12 [DEBUG] Modal container is closed
14.04.2023 22:48:14 [INFO] Click on Manufacturer
14.04.2023 22:48:15 [DEBUG] Click on Manufacturer is done
14.04.2023 22:48:15 [INFO] Getting list of Manufacturer
14.04.2023 22:50:18 [INFO] Logger has been initialized!
14.04.2023 22:50:18 [DEBUG] Displaying config values!
14.04.2023 22:50:18 [DEBUG] [SECTION]: LOG
14.04.2023 22:50:18 [DEBUG]   Options: ['log_level', 'log_file_prefix', 'log_date_fmt', 'log_dir_name', 'name', 'data_dir_name']
14.04.2023 22:50:18 [DEBUG]     name = LH
14.04.2023 22:50:18 [DEBUG]     data_dir_name = data
14.04.2023 22:50:18 [DEBUG]     log_level = DEBUG
14.04.2023 22:50:18 [DEBUG]     log_file_prefix = LH
14.04.2023 22:50:18 [DEBUG]     log_date_fmt = %d.%m.%Y %H:%M:%S
14.04.2023 22:50:18 [DEBUG]     log_dir_name = logs
14.04.2023 22:50:18 [INFO] Initializing Browser Instance!
14.04.2023 22:50:18 [DEBUG] driver_path: ./chromedriver
14.04.2023 22:50:18 [DEBUG] --headless mode enabled
14.04.2023 22:50:18 [DEBUG] --no-sandbox mode enabled
14.04.2023 22:50:18 [DEBUG] --disable-setuid-sandbox mode enabled
14.04.2023 22:50:18 [DEBUG] --ignore-certificate-errors mode enabled
14.04.2023 22:50:24 [INFO] Browser has been initialized!
14.04.2023 22:50:25 [INFO] Loading URL:https://www.myparts.ge/en/
14.04.2023 22:50:43 [DEBUG] URL is loaded:https://www.myparts.ge/en/
14.04.2023 22:50:43 [INFO] Closing modal container
14.04.2023 22:50:43 [DEBUG] Modal container is closed
14.04.2023 22:50:45 [INFO] Click on Manufacturer
14.04.2023 22:50:46 [DEBUG] Click on Manufacturer is done
14.04.2023 22:50:46 [INFO] Getting list of Manufacturer
14.04.2023 22:50:57 [INFO] Quitting Browser Instance! - Finished
14.04.2023 22:51:09 [INFO] Logger has been initialized!
14.04.2023 22:51:09 [DEBUG] Displaying config values!
14.04.2023 22:51:09 [DEBUG] [SECTION]: LOG
14.04.2023 22:51:09 [DEBUG]   Options: ['log_level', 'log_file_prefix', 'log_date_fmt', 'log_dir_name', 'name', 'data_dir_name']
14.04.2023 22:51:09 [DEBUG]     name = LH
14.04.2023 22:51:09 [DEBUG]     data_dir_name = data
14.04.2023 22:51:09 [DEBUG]     log_level = DEBUG
14.04.2023 22:51:09 [DEBUG]     log_file_prefix = LH
14.04.2023 22:51:09 [DEBUG]     log_date_fmt = %d.%m.%Y %H:%M:%S
14.04.2023 22:51:09 [DEBUG]     log_dir_name = logs
14.04.2023 22:51:09 [INFO] Initializing Browser Instance!
14.04.2023 22:51:09 [DEBUG] driver_path: ./chromedriver
14.04.2023 22:51:09 [DEBUG] --headless mode enabled
14.04.2023 22:51:09 [DEBUG] --no-sandbox mode enabled
14.04.2023 22:51:09 [DEBUG] --disable-setuid-sandbox mode enabled
14.04.2023 22:51:09 [DEBUG] --ignore-certificate-errors mode enabled
14.04.2023 22:51:14 [INFO] Browser has been initialized!
14.04.2023 22:51:14 [INFO] Loading URL:https://www.myparts.ge/en/
14.04.2023 22:51:31 [DEBUG] URL is loaded:https://www.myparts.ge/en/
14.04.2023 22:51:31 [INFO] Closing modal container
14.04.2023 22:51:31 [DEBUG] Modal container is closed
14.04.2023 22:51:33 [INFO] Click on Manufacturer
14.04.2023 22:51:34 [DEBUG] Click on Manufacturer is done
14.04.2023 22:51:34 [INFO] Getting list of Manufacturer
14.04.2023 22:51:45 [INFO] Quitting Browser Instance! - Finished
14.04.2023 23:18:12 [INFO] Logger has been initialized!
14.04.2023 23:18:12 [DEBUG] Displaying config values!
14.04.2023 23:18:12 [DEBUG] [SECTION]: LOG
14.04.2023 23:18:12 [DEBUG]   Options: ['log_level', 'log_file_prefix', 'log_date_fmt', 'log_dir_name', 'name', 'data_dir_name']
14.04.2023 23:18:12 [DEBUG]     name = LH
14.04.2023 23:18:12 [DEBUG]     data_dir_name = data
14.04.2023 23:18:12 [DEBUG]     log_level = DEBUG
14.04.2023 23:18:12 [DEBUG]     log_file_prefix = LH
14.04.2023 23:18:12 [DEBUG]     log_date_fmt = %d.%m.%Y %H:%M:%S
14.04.2023 23:18:12 [DEBUG]     log_dir_name = logs
14.04.2023 23:18:12 [INFO] Initializing Browser Instance!
14.04.2023 23:18:12 [DEBUG] driver_path: ./chromedriver
14.04.2023 23:18:12 [DEBUG] --headless mode enabled
14.04.2023 23:18:12 [DEBUG] --no-sandbox mode enabled
14.04.2023 23:18:12 [DEBUG] --disable-setuid-sandbox mode enabled
14.04.2023 23:18:12 [DEBUG] --ignore-certificate-errors mode enabled
14.04.2023 23:18:22 [INFO] Browser has been initialized!
14.04.2023 23:18:23 [INFO] Loading URL:https://www.myparts.ge/en/
14.04.2023 23:18:39 [DEBUG] URL is loaded:https://www.myparts.ge/en/
14.04.2023 23:18:39 [INFO] Closing modal container
14.04.2023 23:18:39 [DEBUG] Modal container is closed
14.04.2023 23:18:41 [INFO] Click on Manufacturer
14.04.2023 23:18:42 [DEBUG] Click on Manufacturer is done
14.04.2023 23:18:42 [INFO] Getting Manufacturer list
14.04.2023 23:19:09 [INFO] Quitting Browser Instance! - Finished
14.04.2023 23:21:57 [INFO] Logger has been initialized!
14.04.2023 23:21:57 [DEBUG] Displaying config values!
14.04.2023 23:21:57 [DEBUG] [SECTION]: LOG
14.04.2023 23:21:57 [DEBUG]   Options: ['log_level', 'log_file_prefix', 'log_date_fmt', 'log_dir_name', 'name', 'data_dir_name']
14.04.2023 23:21:57 [DEBUG]     name = LH
14.04.2023 23:21:57 [DEBUG]     data_dir_name = data
14.04.2023 23:21:57 [DEBUG]     log_level = DEBUG
14.04.2023 23:21:57 [DEBUG]     log_file_prefix = LH
14.04.2023 23:21:57 [DEBUG]     log_date_fmt = %d.%m.%Y %H:%M:%S
14.04.2023 23:21:57 [DEBUG]     log_dir_name = logs
14.04.2023 23:21:57 [INFO] Initializing Browser Instance!
14.04.2023 23:21:57 [DEBUG] driver_path: ./chromedriver
14.04.2023 23:21:57 [DEBUG] --headless mode enabled
14.04.2023 23:21:57 [DEBUG] --no-sandbox mode enabled
14.04.2023 23:21:57 [DEBUG] --disable-setuid-sandbox mode enabled
14.04.2023 23:21:57 [DEBUG] --ignore-certificate-errors mode enabled
14.04.2023 23:22:02 [INFO] Browser has been initialized!
14.04.2023 23:22:02 [INFO] Loading URL:https://www.myparts.ge/en/
14.04.2023 23:22:18 [DEBUG] URL is loaded:https://www.myparts.ge/en/
14.04.2023 23:22:19 [INFO] Closing modal container
14.04.2023 23:22:19 [DEBUG] Modal container is closed
14.04.2023 23:22:21 [INFO] Click on Manufacturer
14.04.2023 23:22:21 [DEBUG] Click on Manufacturer is done
14.04.2023 23:22:21 [INFO] Getting Manufacturer list
14.04.2023 23:22:33 [INFO] Click on Model
14.04.2023 23:22:33 [DEBUG] Click on Model is done
14.04.2023 23:22:33 [INFO] Getting Model list
14.04.2023 23:25:21 [INFO] Logger has been initialized!
14.04.2023 23:25:21 [DEBUG] Displaying config values!
14.04.2023 23:25:21 [DEBUG] [SECTION]: LOG
14.04.2023 23:25:21 [DEBUG]   Options: ['log_level', 'log_file_prefix', 'log_date_fmt', 'log_dir_name', 'name', 'data_dir_name']
14.04.2023 23:25:21 [DEBUG]     name = LH
14.04.2023 23:25:21 [DEBUG]     data_dir_name = data
14.04.2023 23:25:21 [DEBUG]     log_level = DEBUG
14.04.2023 23:25:21 [DEBUG]     log_file_prefix = LH
14.04.2023 23:25:21 [DEBUG]     log_date_fmt = %d.%m.%Y %H:%M:%S
14.04.2023 23:25:21 [DEBUG]     log_dir_name = logs
14.04.2023 23:25:21 [INFO] Initializing Browser Instance!
14.04.2023 23:25:21 [DEBUG] driver_path: ./chromedriver
14.04.2023 23:25:21 [DEBUG] --no-sandbox mode enabled
14.04.2023 23:25:21 [DEBUG] --disable-setuid-sandbox mode enabled
14.04.2023 23:25:21 [DEBUG] --ignore-certificate-errors mode enabled
14.04.2023 23:25:27 [INFO] Browser has been initialized!
14.04.2023 23:25:27 [INFO] Loading URL:https://www.myparts.ge/en/
14.04.2023 23:25:44 [DEBUG] URL is loaded:https://www.myparts.ge/en/
14.04.2023 23:25:44 [INFO] Closing modal container
14.04.2023 23:25:44 [DEBUG] Modal container is closed
14.04.2023 23:25:46 [INFO] Click on Manufacturer
14.04.2023 23:25:47 [DEBUG] Click on Manufacturer is done
14.04.2023 23:25:47 [INFO] Getting Manufacturer list
14.04.2023 23:25:54 [INFO] Click on Model
14.04.2023 23:25:54 [DEBUG] Click on Model is done
14.04.2023 23:25:54 [INFO] Getting Model list
14.04.2023 23:28:40 [INFO] Logger has been initialized!
14.04.2023 23:28:40 [DEBUG] Displaying config values!
14.04.2023 23:28:40 [DEBUG] [SECTION]: LOG
14.04.2023 23:28:40 [DEBUG]   Options: ['log_level', 'log_file_prefix', 'log_date_fmt', 'log_dir_name', 'name', 'data_dir_name']
14.04.2023 23:28:40 [DEBUG]     name = LH
14.04.2023 23:28:40 [DEBUG]     data_dir_name = data
14.04.2023 23:28:40 [DEBUG]     log_level = DEBUG
14.04.2023 23:28:40 [DEBUG]     log_file_prefix = LH
14.04.2023 23:28:40 [DEBUG]     log_date_fmt = %d.%m.%Y %H:%M:%S
14.04.2023 23:28:40 [DEBUG]     log_dir_name = logs
14.04.2023 23:28:40 [INFO] Initializing Browser Instance!
14.04.2023 23:28:40 [DEBUG] driver_path: ./chromedriver
14.04.2023 23:28:40 [DEBUG] --no-sandbox mode enabled
14.04.2023 23:28:40 [DEBUG] --disable-setuid-sandbox mode enabled
14.04.2023 23:28:40 [DEBUG] --ignore-certificate-errors mode enabled
14.04.2023 23:28:46 [INFO] Browser has been initialized!
14.04.2023 23:28:46 [INFO] Loading URL:https://www.myparts.ge/en/
14.04.2023 23:29:03 [DEBUG] URL is loaded:https://www.myparts.ge/en/
14.04.2023 23:29:03 [INFO] Closing modal container
14.04.2023 23:29:03 [DEBUG] Modal container is closed
14.04.2023 23:29:05 [INFO] Click on Manufacturer
14.04.2023 23:29:06 [DEBUG] Click on Manufacturer is done
14.04.2023 23:29:06 [INFO] Getting Manufacturer list
14.04.2023 23:29:13 [INFO] Click on Model
14.04.2023 23:29:13 [DEBUG] Click on Model is done
14.04.2023 23:29:13 [INFO] Getting Model list
14.04.2023 23:31:41 [INFO] Logger has been initialized!
14.04.2023 23:31:41 [DEBUG] Displaying config values!
14.04.2023 23:31:41 [DEBUG] [SECTION]: LOG
14.04.2023 23:31:41 [DEBUG]   Options: ['log_level', 'log_file_prefix', 'log_date_fmt', 'log_dir_name', 'name', 'data_dir_name']
14.04.2023 23:31:41 [DEBUG]     name = LH
14.04.2023 23:31:41 [DEBUG]     data_dir_name = data
14.04.2023 23:31:41 [DEBUG]     log_level = DEBUG
14.04.2023 23:31:41 [DEBUG]     log_file_prefix = LH
14.04.2023 23:31:41 [DEBUG]     log_date_fmt = %d.%m.%Y %H:%M:%S
14.04.2023 23:31:41 [DEBUG]     log_dir_name = logs
14.04.2023 23:31:41 [INFO] Initializing Browser Instance!
14.04.2023 23:31:41 [DEBUG] driver_path: ./chromedriver
14.04.2023 23:31:41 [DEBUG] --no-sandbox mode enabled
14.04.2023 23:31:41 [DEBUG] --disable-setuid-sandbox mode enabled
14.04.2023 23:31:41 [DEBUG] --ignore-certificate-errors mode enabled
14.04.2023 23:31:46 [INFO] Browser has been initialized!
14.04.2023 23:31:47 [INFO] Loading URL:https://www.myparts.ge/en/
14.04.2023 23:32:05 [DEBUG] URL is loaded:https://www.myparts.ge/en/
14.04.2023 23:32:05 [INFO] Closing modal container
14.04.2023 23:32:05 [DEBUG] Modal container is closed
14.04.2023 23:32:07 [INFO] Click on Manufacturer
14.04.2023 23:32:07 [DEBUG] Click on Manufacturer is done
14.04.2023 23:32:07 [INFO] Getting Manufacturer list
14.04.2023 23:32:15 [INFO] Click on Model
14.04.2023 23:32:16 [DEBUG] Click on Model is done
14.04.2023 23:32:16 [INFO] Getting Model list
14.04.2023 23:42:12 [INFO] Logger has been initialized!
14.04.2023 23:42:12 [DEBUG] Displaying config values!
14.04.2023 23:42:12 [DEBUG] [SECTION]: LOG
14.04.2023 23:42:12 [DEBUG]   Options: ['log_level', 'log_file_prefix', 'log_date_fmt', 'log_dir_name', 'name', 'data_dir_name']
14.04.2023 23:42:12 [DEBUG]     name = LH
14.04.2023 23:42:12 [DEBUG]     data_dir_name = data
14.04.2023 23:42:12 [DEBUG]     log_level = DEBUG
14.04.2023 23:42:12 [DEBUG]     log_file_prefix = LH
14.04.2023 23:42:12 [DEBUG]     log_date_fmt = %d.%m.%Y %H:%M:%S
14.04.2023 23:42:12 [DEBUG]     log_dir_name = logs
14.04.2023 23:42:12 [INFO] Initializing Browser Instance!
14.04.2023 23:42:12 [DEBUG] driver_path: ./chromedriver
14.04.2023 23:42:12 [DEBUG] --no-sandbox mode enabled
14.04.2023 23:42:12 [DEBUG] --disable-setuid-sandbox mode enabled
14.04.2023 23:42:12 [DEBUG] --ignore-certificate-errors mode enabled
14.04.2023 23:42:23 [INFO] Browser has been initialized!
14.04.2023 23:42:24 [INFO] Loading URL:https://www.myparts.ge/en/
14.04.2023 23:42:40 [DEBUG] URL is loaded:https://www.myparts.ge/en/
14.04.2023 23:42:40 [INFO] Closing modal container
14.04.2023 23:42:41 [DEBUG] Modal container is closed
14.04.2023 23:42:43 [INFO] Click on Manufacturer
14.04.2023 23:42:43 [DEBUG] Click on Manufacturer is done
14.04.2023 23:42:43 [INFO] Getting Manufacturer list
14.04.2023 23:42:52 [INFO] Click on Model
14.04.2023 23:42:52 [DEBUG] Click on Model is done
14.04.2023 23:42:52 [INFO] Getting Model list
14.04.2023 23:44:34 [INFO] Logger has been initialized!
14.04.2023 23:44:34 [DEBUG] Displaying config values!
14.04.2023 23:44:34 [DEBUG] [SECTION]: LOG
14.04.2023 23:44:34 [DEBUG]   Options: ['log_level', 'log_file_prefix', 'log_date_fmt', 'log_dir_name', 'name', 'data_dir_name']
14.04.2023 23:44:34 [DEBUG]     name = LH
14.04.2023 23:44:34 [DEBUG]     data_dir_name = data
14.04.2023 23:44:34 [DEBUG]     log_level = DEBUG
14.04.2023 23:44:34 [DEBUG]     log_file_prefix = LH
14.04.2023 23:44:34 [DEBUG]     log_date_fmt = %d.%m.%Y %H:%M:%S
14.04.2023 23:44:34 [DEBUG]     log_dir_name = logs
14.04.2023 23:44:34 [INFO] Initializing Browser Instance!
14.04.2023 23:44:34 [DEBUG] driver_path: ./chromedriver
14.04.2023 23:44:34 [DEBUG] --no-sandbox mode enabled
14.04.2023 23:44:34 [DEBUG] --disable-setuid-sandbox mode enabled
14.04.2023 23:44:34 [DEBUG] --ignore-certificate-errors mode enabled
14.04.2023 23:44:41 [INFO] Browser has been initialized!
14.04.2023 23:44:42 [INFO] Loading URL:https://www.myparts.ge/en/
14.04.2023 23:44:59 [DEBUG] URL is loaded:https://www.myparts.ge/en/
14.04.2023 23:44:59 [INFO] Closing modal container
14.04.2023 23:45:00 [DEBUG] Modal container is closed
14.04.2023 23:45:02 [INFO] Click on Manufacturer
14.04.2023 23:45:02 [DEBUG] Click on Manufacturer is done
14.04.2023 23:45:02 [INFO] Getting Manufacturer list
14.04.2023 23:46:59 [INFO] Logger has been initialized!
14.04.2023 23:46:59 [DEBUG] Displaying config values!
14.04.2023 23:46:59 [DEBUG] [SECTION]: LOG
14.04.2023 23:46:59 [DEBUG]   Options: ['log_level', 'log_file_prefix', 'log_date_fmt', 'log_dir_name', 'name', 'data_dir_name']
14.04.2023 23:46:59 [DEBUG]     name = LH
14.04.2023 23:46:59 [DEBUG]     data_dir_name = data
14.04.2023 23:46:59 [DEBUG]     log_level = DEBUG
14.04.2023 23:46:59 [DEBUG]     log_file_prefix = LH
14.04.2023 23:46:59 [DEBUG]     log_date_fmt = %d.%m.%Y %H:%M:%S
14.04.2023 23:46:59 [DEBUG]     log_dir_name = logs
14.04.2023 23:46:59 [INFO] Initializing Browser Instance!
14.04.2023 23:46:59 [DEBUG] driver_path: ./chromedriver
14.04.2023 23:46:59 [DEBUG] --no-sandbox mode enabled
14.04.2023 23:46:59 [DEBUG] --disable-setuid-sandbox mode enabled
14.04.2023 23:46:59 [DEBUG] --ignore-certificate-errors mode enabled
14.04.2023 23:47:09 [INFO] Browser has been initialized!
14.04.2023 23:47:09 [INFO] Loading URL:https://www.myparts.ge/en/
14.04.2023 23:47:26 [DEBUG] URL is loaded:https://www.myparts.ge/en/
14.04.2023 23:47:26 [INFO] Closing modal container
14.04.2023 23:47:27 [DEBUG] Modal container is closed
14.04.2023 23:47:29 [INFO] Click on Manufacturer
14.04.2023 23:47:29 [DEBUG] Click on Manufacturer is done
14.04.2023 23:47:29 [INFO] Getting Manufacturer list
14.04.2023 23:47:36 [INFO] Click on Model
14.04.2023 23:47:36 [DEBUG] Click on Model is done
14.04.2023 23:47:36 [INFO] Getting Model list
14.04.2023 23:50:01 [INFO] Logger has been initialized!
14.04.2023 23:50:01 [DEBUG] Displaying config values!
14.04.2023 23:50:01 [DEBUG] [SECTION]: LOG
14.04.2023 23:50:01 [DEBUG]   Options: ['log_level', 'log_file_prefix', 'log_date_fmt', 'log_dir_name', 'name', 'data_dir_name']
14.04.2023 23:50:01 [DEBUG]     name = LH
14.04.2023 23:50:01 [DEBUG]     data_dir_name = data
14.04.2023 23:50:01 [DEBUG]     log_level = DEBUG
14.04.2023 23:50:01 [DEBUG]     log_file_prefix = LH
14.04.2023 23:50:01 [DEBUG]     log_date_fmt = %d.%m.%Y %H:%M:%S
14.04.2023 23:50:01 [DEBUG]     log_dir_name = logs
14.04.2023 23:50:01 [INFO] Initializing Browser Instance!
14.04.2023 23:50:01 [DEBUG] driver_path: ./chromedriver
14.04.2023 23:50:01 [DEBUG] --no-sandbox mode enabled
14.04.2023 23:50:01 [DEBUG] --disable-setuid-sandbox mode enabled
14.04.2023 23:50:01 [DEBUG] --ignore-certificate-errors mode enabled
14.04.2023 23:50:08 [INFO] Browser has been initialized!
14.04.2023 23:50:09 [INFO] Loading URL:https://www.myparts.ge/en/
14.04.2023 23:50:26 [DEBUG] URL is loaded:https://www.myparts.ge/en/
14.04.2023 23:50:26 [INFO] Closing modal container
14.04.2023 23:50:26 [DEBUG] Modal container is closed
14.04.2023 23:50:28 [INFO] Click on Manufacturer
14.04.2023 23:50:29 [DEBUG] Click on Manufacturer is done
14.04.2023 23:50:29 [INFO] Getting Manufacturer list
14.04.2023 23:50:36 [INFO] Click on Model
14.04.2023 23:50:37 [DEBUG] Click on Model is done
14.04.2023 23:50:37 [INFO] Getting Model list
14.04.2023 23:56:05 [INFO] Logger has been initialized!
14.04.2023 23:56:05 [DEBUG] Displaying config values!
14.04.2023 23:56:05 [DEBUG] [SECTION]: LOG
14.04.2023 23:56:05 [DEBUG]   Options: ['log_level', 'log_file_prefix', 'log_date_fmt', 'log_dir_name', 'name', 'data_dir_name']
14.04.2023 23:56:05 [DEBUG]     name = LH
14.04.2023 23:56:05 [DEBUG]     data_dir_name = data
14.04.2023 23:56:05 [DEBUG]     log_level = DEBUG
14.04.2023 23:56:05 [DEBUG]     log_file_prefix = LH
14.04.2023 23:56:05 [DEBUG]     log_date_fmt = %d.%m.%Y %H:%M:%S
14.04.2023 23:56:05 [DEBUG]     log_dir_name = logs
14.04.2023 23:56:05 [INFO] Initializing Browser Instance!
14.04.2023 23:56:05 [DEBUG] driver_path: ./chromedriver
14.04.2023 23:56:05 [DEBUG] --no-sandbox mode enabled
14.04.2023 23:56:05 [DEBUG] --disable-setuid-sandbox mode enabled
14.04.2023 23:56:05 [DEBUG] --ignore-certificate-errors mode enabled
14.04.2023 23:56:12 [INFO] Browser has been initialized!
14.04.2023 23:56:13 [INFO] Loading URL:https://www.myparts.ge/en/
14.04.2023 23:56:30 [DEBUG] URL is loaded:https://www.myparts.ge/en/
14.04.2023 23:56:30 [INFO] Closing modal container
14.04.2023 23:56:30 [DEBUG] Modal container is closed
14.04.2023 23:56:32 [INFO] Click on Manufacturer
14.04.2023 23:56:33 [DEBUG] Click on Manufacturer is done
14.04.2023 23:56:33 [INFO] Getting Manufacturer list
14.04.2023 23:56:42 [INFO] Click on Model
14.04.2023 23:56:42 [DEBUG] Click on Model is done
14.04.2023 23:56:42 [INFO] Getting Model list
15.04.2023 00:13:59 [INFO] Logger has been initialized!
15.04.2023 00:13:59 [DEBUG] Displaying config values!
15.04.2023 00:13:59 [DEBUG] [SECTION]: LOG
15.04.2023 00:13:59 [DEBUG]   Options: ['log_level', 'log_file_prefix', 'log_date_fmt', 'log_dir_name', 'name', 'data_dir_name']
15.04.2023 00:13:59 [DEBUG]     name = LH
15.04.2023 00:13:59 [DEBUG]     data_dir_name = data
15.04.2023 00:13:59 [DEBUG]     log_level = DEBUG
15.04.2023 00:13:59 [DEBUG]     log_file_prefix = LH
15.04.2023 00:13:59 [DEBUG]     log_date_fmt = %d.%m.%Y %H:%M:%S
15.04.2023 00:13:59 [DEBUG]     log_dir_name = logs
15.04.2023 00:13:59 [INFO] Initializing Browser Instance!
15.04.2023 00:13:59 [DEBUG] driver_path: ./chromedriver
15.04.2023 00:13:59 [DEBUG] --no-sandbox mode enabled
15.04.2023 00:13:59 [DEBUG] --disable-setuid-sandbox mode enabled
15.04.2023 00:13:59 [DEBUG] --ignore-certificate-errors mode enabled
15.04.2023 00:14:07 [INFO] Browser has been initialized!
15.04.2023 00:14:07 [INFO] Loading URL:https://www.myparts.ge/en/
15.04.2023 00:14:24 [DEBUG] URL is loaded:https://www.myparts.ge/en/
15.04.2023 00:14:24 [INFO] Closing modal container
15.04.2023 00:14:25 [DEBUG] Modal container is closed
15.04.2023 00:14:27 [INFO] Click on Manufacturer
15.04.2023 00:14:27 [DEBUG] Click on Manufacturer is done
15.04.2023 00:14:27 [INFO] Getting Manufacturer list
15.04.2023 00:55:23 [INFO] Logger has been initialized!
15.04.2023 00:55:23 [DEBUG] Displaying config values!
15.04.2023 00:55:23 [DEBUG] [SECTION]: LOG
15.04.2023 00:55:23 [DEBUG]   Options: ['log_level', 'log_file_prefix', 'log_date_fmt', 'log_dir_name', 'name', 'data_dir_name']
15.04.2023 00:55:23 [DEBUG]     name = LH
15.04.2023 00:55:23 [DEBUG]     data_dir_name = data
15.04.2023 00:55:23 [DEBUG]     log_level = DEBUG
15.04.2023 00:55:23 [DEBUG]     log_file_prefix = LH
15.04.2023 00:55:23 [DEBUG]     log_date_fmt = %d.%m.%Y %H:%M:%S
15.04.2023 00:55:23 [DEBUG]     log_dir_name = logs
15.04.2023 00:55:23 [INFO] Initializing Browser Instance!
15.04.2023 00:55:23 [DEBUG] driver_path: ./chromedriver
15.04.2023 00:55:23 [DEBUG] --no-sandbox mode enabled
15.04.2023 00:55:23 [DEBUG] --disable-setuid-sandbox mode enabled
15.04.2023 00:55:23 [DEBUG] --ignore-certificate-errors mode enabled
15.04.2023 00:55:28 [INFO] Browser has been initialized!
15.04.2023 00:55:29 [INFO] Loading URL:https://www.myparts.ge/en/
15.04.2023 00:55:46 [DEBUG] URL is loaded:https://www.myparts.ge/en/
15.04.2023 00:55:46 [INFO] Closing modal container
15.04.2023 00:55:46 [DEBUG] Modal container is closed
15.04.2023 00:55:48 [INFO] Click on Manufacturer
15.04.2023 00:55:49 [DEBUG] Click on Manufacturer is done
15.04.2023 00:55:49 [INFO] Getting Manufacturer list
15.04.2023 00:55:54 [INFO] Click on Model
15.04.2023 00:57:15 [INFO] Logger has been initialized!
15.04.2023 00:57:15 [DEBUG] Displaying config values!
15.04.2023 00:57:15 [DEBUG] [SECTION]: LOG
15.04.2023 00:57:15 [DEBUG]   Options: ['log_level', 'log_file_prefix', 'log_date_fmt', 'log_dir_name', 'name', 'data_dir_name']
15.04.2023 00:57:15 [DEBUG]     name = LH
15.04.2023 00:57:15 [DEBUG]     data_dir_name = data
15.04.2023 00:57:15 [DEBUG]     log_level = DEBUG
15.04.2023 00:57:15 [DEBUG]     log_file_prefix = LH
15.04.2023 00:57:15 [DEBUG]     log_date_fmt = %d.%m.%Y %H:%M:%S
15.04.2023 00:57:15 [DEBUG]     log_dir_name = logs
15.04.2023 00:57:15 [INFO] Initializing Browser Instance!
15.04.2023 00:57:15 [DEBUG] driver_path: ./chromedriver
15.04.2023 00:57:15 [DEBUG] --no-sandbox mode enabled
15.04.2023 00:57:15 [DEBUG] --disable-setuid-sandbox mode enabled
15.04.2023 00:57:15 [DEBUG] --ignore-certificate-errors mode enabled
15.04.2023 00:57:21 [INFO] Browser has been initialized!
15.04.2023 00:57:21 [INFO] Loading URL:https://www.myparts.ge/en/
15.04.2023 00:57:39 [DEBUG] URL is loaded:https://www.myparts.ge/en/
15.04.2023 00:57:39 [INFO] Closing modal container
15.04.2023 00:57:39 [DEBUG] Modal container is closed
15.04.2023 00:57:41 [INFO] Click on Manufacturer
15.04.2023 00:57:42 [DEBUG] Click on Manufacturer is done
15.04.2023 00:57:42 [INFO] Getting Manufacturer list
15.04.2023 01:00:28 [INFO] Logger has been initialized!
15.04.2023 01:00:28 [DEBUG] Displaying config values!
15.04.2023 01:00:28 [DEBUG] [SECTION]: LOG
15.04.2023 01:00:28 [DEBUG]   Options: ['log_level', 'log_file_prefix', 'log_date_fmt', 'log_dir_name', 'name', 'data_dir_name']
15.04.2023 01:00:28 [DEBUG]     name = LH
15.04.2023 01:00:28 [DEBUG]     data_dir_name = data
15.04.2023 01:00:28 [DEBUG]     log_level = DEBUG
15.04.2023 01:00:28 [DEBUG]     log_file_prefix = LH
15.04.2023 01:00:28 [DEBUG]     log_date_fmt = %d.%m.%Y %H:%M:%S
15.04.2023 01:00:28 [DEBUG]     log_dir_name = logs
15.04.2023 01:00:28 [INFO] Initializing Browser Instance!
15.04.2023 01:00:28 [DEBUG] driver_path: ./chromedriver
15.04.2023 01:00:28 [DEBUG] --no-sandbox mode enabled
15.04.2023 01:00:28 [DEBUG] --disable-setuid-sandbox mode enabled
15.04.2023 01:00:28 [DEBUG] --ignore-certificate-errors mode enabled
15.04.2023 01:00:34 [INFO] Browser has been initialized!
15.04.2023 01:00:34 [INFO] Loading URL:https://www.myparts.ge/en/
15.04.2023 01:00:51 [DEBUG] URL is loaded:https://www.myparts.ge/en/
15.04.2023 01:00:51 [INFO] Closing modal container
15.04.2023 01:00:51 [DEBUG] Modal container is closed
15.04.2023 01:00:53 [INFO] Click on Manufacturer
15.04.2023 01:00:54 [DEBUG] Click on Manufacturer is done
15.04.2023 01:00:54 [INFO] Getting Manufacturer list
15.04.2023 01:01:00 [INFO] Click on Model
15.04.2023 01:01:06 [DEBUG] Click on Model is done
15.04.2023 01:01:06 [INFO] Getting Model list
15.04.2023 01:03:36 [INFO] Logger has been initialized!
15.04.2023 01:03:36 [DEBUG] Displaying config values!
15.04.2023 01:03:36 [DEBUG] [SECTION]: LOG
15.04.2023 01:03:36 [DEBUG]   Options: ['log_level', 'log_file_prefix', 'log_date_fmt', 'log_dir_name', 'name', 'data_dir_name']
15.04.2023 01:03:36 [DEBUG]     name = LH
15.04.2023 01:03:36 [DEBUG]     data_dir_name = data
15.04.2023 01:03:36 [DEBUG]     log_level = DEBUG
15.04.2023 01:03:36 [DEBUG]     log_file_prefix = LH
15.04.2023 01:03:36 [DEBUG]     log_date_fmt = %d.%m.%Y %H:%M:%S
15.04.2023 01:03:36 [DEBUG]     log_dir_name = logs
15.04.2023 01:03:36 [INFO] Initializing Browser Instance!
15.04.2023 01:03:36 [DEBUG] driver_path: ./chromedriver
15.04.2023 01:03:36 [DEBUG] --no-sandbox mode enabled
15.04.2023 01:03:36 [DEBUG] --disable-setuid-sandbox mode enabled
15.04.2023 01:03:36 [DEBUG] --ignore-certificate-errors mode enabled
15.04.2023 01:03:42 [INFO] Browser has been initialized!
15.04.2023 01:03:42 [INFO] Loading URL:https://www.myparts.ge/en/
15.04.2023 01:03:59 [DEBUG] URL is loaded:https://www.myparts.ge/en/
15.04.2023 01:03:59 [INFO] Closing modal container
15.04.2023 01:03:59 [DEBUG] Modal container is closed
15.04.2023 01:04:01 [INFO] Click on Manufacturer
15.04.2023 01:04:02 [DEBUG] Click on Manufacturer is done
15.04.2023 01:04:02 [INFO] Getting Manufacturer list
15.04.2023 01:05:43 [INFO] Logger has been initialized!
15.04.2023 01:05:43 [DEBUG] Displaying config values!
15.04.2023 01:05:43 [DEBUG] [SECTION]: LOG
15.04.2023 01:05:43 [DEBUG]   Options: ['log_level', 'log_file_prefix', 'log_date_fmt', 'log_dir_name', 'name', 'data_dir_name']
15.04.2023 01:05:43 [DEBUG]     name = LH
15.04.2023 01:05:43 [DEBUG]     data_dir_name = data
15.04.2023 01:05:43 [DEBUG]     log_level = DEBUG
15.04.2023 01:05:43 [DEBUG]     log_file_prefix = LH
15.04.2023 01:05:43 [DEBUG]     log_date_fmt = %d.%m.%Y %H:%M:%S
15.04.2023 01:05:43 [DEBUG]     log_dir_name = logs
15.04.2023 01:05:43 [INFO] Initializing Browser Instance!
15.04.2023 01:05:43 [DEBUG] driver_path: ./chromedriver
15.04.2023 01:05:43 [DEBUG] --no-sandbox mode enabled
15.04.2023 01:05:43 [DEBUG] --disable-setuid-sandbox mode enabled
15.04.2023 01:05:43 [DEBUG] --ignore-certificate-errors mode enabled
15.04.2023 01:05:49 [INFO] Browser has been initialized!
15.04.2023 01:05:49 [INFO] Loading URL:https://www.myparts.ge/en/
15.04.2023 01:06:06 [DEBUG] URL is loaded:https://www.myparts.ge/en/
15.04.2023 01:06:06 [INFO] Closing modal container
15.04.2023 01:06:06 [DEBUG] Modal container is closed
15.04.2023 01:06:08 [INFO] Click on Manufacturer
15.04.2023 01:06:09 [DEBUG] Click on Manufacturer is done
15.04.2023 01:06:09 [INFO] Getting Manufacturer list
15.04.2023 01:07:32 [INFO] Logger has been initialized!
15.04.2023 01:07:32 [DEBUG] Displaying config values!
15.04.2023 01:07:32 [DEBUG] [SECTION]: LOG
15.04.2023 01:07:32 [DEBUG]   Options: ['log_level', 'log_file_prefix', 'log_date_fmt', 'log_dir_name', 'name', 'data_dir_name']
15.04.2023 01:07:32 [DEBUG]     name = LH
15.04.2023 01:07:32 [DEBUG]     data_dir_name = data
15.04.2023 01:07:32 [DEBUG]     log_level = DEBUG
15.04.2023 01:07:32 [DEBUG]     log_file_prefix = LH
15.04.2023 01:07:32 [DEBUG]     log_date_fmt = %d.%m.%Y %H:%M:%S
15.04.2023 01:07:32 [DEBUG]     log_dir_name = logs
15.04.2023 01:07:32 [INFO] Initializing Browser Instance!
15.04.2023 01:07:32 [DEBUG] driver_path: ./chromedriver
15.04.2023 01:07:32 [DEBUG] --no-sandbox mode enabled
15.04.2023 01:07:32 [DEBUG] --disable-setuid-sandbox mode enabled
15.04.2023 01:07:32 [DEBUG] --ignore-certificate-errors mode enabled
15.04.2023 01:07:37 [INFO] Browser has been initialized!
15.04.2023 01:07:38 [INFO] Loading URL:https://www.myparts.ge/en/
15.04.2023 01:07:55 [DEBUG] URL is loaded:https://www.myparts.ge/en/
15.04.2023 01:07:55 [INFO] Closing modal container
15.04.2023 01:07:55 [DEBUG] Modal container is closed
15.04.2023 01:07:57 [INFO] Click on Manufacturer
15.04.2023 01:07:58 [DEBUG] Click on Manufacturer is done
15.04.2023 01:07:58 [INFO] Getting Manufacturer list
15.04.2023 01:09:19 [INFO] Logger has been initialized!
15.04.2023 01:09:19 [DEBUG] Displaying config values!
15.04.2023 01:09:19 [DEBUG] [SECTION]: LOG
15.04.2023 01:09:19 [DEBUG]   Options: ['log_level', 'log_file_prefix', 'log_date_fmt', 'log_dir_name', 'name', 'data_dir_name']
15.04.2023 01:09:19 [DEBUG]     name = LH
15.04.2023 01:09:19 [DEBUG]     data_dir_name = data
15.04.2023 01:09:19 [DEBUG]     log_level = DEBUG
15.04.2023 01:09:19 [DEBUG]     log_file_prefix = LH
15.04.2023 01:09:19 [DEBUG]     log_date_fmt = %d.%m.%Y %H:%M:%S
15.04.2023 01:09:19 [DEBUG]     log_dir_name = logs
15.04.2023 01:09:19 [INFO] Initializing Browser Instance!
15.04.2023 01:09:19 [DEBUG] driver_path: ./chromedriver
15.04.2023 01:09:19 [DEBUG] --no-sandbox mode enabled
15.04.2023 01:09:19 [DEBUG] --disable-setuid-sandbox mode enabled
15.04.2023 01:09:19 [DEBUG] --ignore-certificate-errors mode enabled
15.04.2023 01:09:24 [INFO] Browser has been initialized!
15.04.2023 01:09:25 [INFO] Loading URL:https://www.myparts.ge/en/
15.04.2023 01:09:42 [DEBUG] URL is loaded:https://www.myparts.ge/en/
15.04.2023 01:09:42 [INFO] Closing modal container
15.04.2023 01:09:43 [DEBUG] Modal container is closed
15.04.2023 01:09:45 [INFO] Click on Manufacturer
15.04.2023 01:09:45 [DEBUG] Click on Manufacturer is done
15.04.2023 01:09:45 [INFO] Getting Manufacturer list
15.04.2023 01:09:53 [INFO] Click on Model
15.04.2023 01:09:55 [DEBUG] Click on Model is done
15.04.2023 01:09:55 [INFO] Getting Model list
15.04.2023 01:12:07 [INFO] Logger has been initialized!
15.04.2023 01:12:07 [DEBUG] Displaying config values!
15.04.2023 01:12:07 [DEBUG] [SECTION]: LOG
15.04.2023 01:12:07 [DEBUG]   Options: ['log_level', 'log_file_prefix', 'log_date_fmt', 'log_dir_name', 'name', 'data_dir_name']
15.04.2023 01:12:07 [DEBUG]     name = LH
15.04.2023 01:12:07 [DEBUG]     data_dir_name = data
15.04.2023 01:12:07 [DEBUG]     log_level = DEBUG
15.04.2023 01:12:07 [DEBUG]     log_file_prefix = LH
15.04.2023 01:12:07 [DEBUG]     log_date_fmt = %d.%m.%Y %H:%M:%S
15.04.2023 01:12:07 [DEBUG]     log_dir_name = logs
15.04.2023 01:12:07 [INFO] Initializing Browser Instance!
15.04.2023 01:12:07 [DEBUG] driver_path: ./chromedriver
15.04.2023 01:12:07 [DEBUG] --no-sandbox mode enabled
15.04.2023 01:12:07 [DEBUG] --disable-setuid-sandbox mode enabled
15.04.2023 01:12:07 [DEBUG] --ignore-certificate-errors mode enabled
15.04.2023 01:12:12 [INFO] Browser has been initialized!
15.04.2023 01:12:13 [INFO] Loading URL:https://www.myparts.ge/en/
15.04.2023 01:12:30 [DEBUG] URL is loaded:https://www.myparts.ge/en/
15.04.2023 01:12:30 [INFO] Closing modal container
15.04.2023 01:12:31 [DEBUG] Modal container is closed
15.04.2023 01:12:33 [INFO] Click on Manufacturer
15.04.2023 01:12:33 [DEBUG] Click on Manufacturer is done
15.04.2023 01:12:33 [INFO] Getting Manufacturer list
15.04.2023 01:12:48 [INFO] Click on Model
15.04.2023 01:12:48 [DEBUG] Click on Model is done
15.04.2023 01:12:48 [INFO] Getting Model list
15.04.2023 01:27:07 [INFO] Logger has been initialized!
15.04.2023 01:27:07 [DEBUG] Displaying config values!
15.04.2023 01:27:07 [DEBUG] [SECTION]: LOG
15.04.2023 01:27:07 [DEBUG]   Options: ['log_level', 'log_file_prefix', 'log_date_fmt', 'log_dir_name', 'name', 'data_dir_name']
15.04.2023 01:27:07 [DEBUG]     name = LH
15.04.2023 01:27:07 [DEBUG]     data_dir_name = data
15.04.2023 01:27:07 [DEBUG]     log_level = DEBUG
15.04.2023 01:27:07 [DEBUG]     log_file_prefix = LH
15.04.2023 01:27:07 [DEBUG]     log_date_fmt = %d.%m.%Y %H:%M:%S
15.04.2023 01:27:07 [DEBUG]     log_dir_name = logs
15.04.2023 01:27:07 [INFO] Initializing Browser Instance!
15.04.2023 01:27:07 [DEBUG] driver_path: ./chromedriver
15.04.2023 01:27:07 [DEBUG] --no-sandbox mode enabled
15.04.2023 01:27:07 [DEBUG] --disable-setuid-sandbox mode enabled
15.04.2023 01:27:07 [DEBUG] --ignore-certificate-errors mode enabled
15.04.2023 01:27:21 [INFO] Browser has been initialized!
15.04.2023 01:27:22 [INFO] Loading URL:https://www.myparts.ge/en/
15.04.2023 01:27:29 [DEBUG] URL is loaded:https://www.myparts.ge/en/
15.04.2023 01:27:29 [INFO] Closing modal container
15.04.2023 01:28:11 [INFO] Logger has been initialized!
15.04.2023 01:28:11 [DEBUG] Displaying config values!
15.04.2023 01:28:11 [DEBUG] [SECTION]: LOG
15.04.2023 01:28:11 [DEBUG]   Options: ['log_level', 'log_file_prefix', 'log_date_fmt', 'log_dir_name', 'name', 'data_dir_name']
15.04.2023 01:28:11 [DEBUG]     name = LH
15.04.2023 01:28:11 [DEBUG]     data_dir_name = data
15.04.2023 01:28:11 [DEBUG]     log_level = DEBUG
15.04.2023 01:28:11 [DEBUG]     log_file_prefix = LH
15.04.2023 01:28:11 [DEBUG]     log_date_fmt = %d.%m.%Y %H:%M:%S
15.04.2023 01:28:11 [DEBUG]     log_dir_name = logs
15.04.2023 01:28:11 [INFO] Initializing Browser Instance!
15.04.2023 01:28:11 [DEBUG] driver_path: ./chromedriver
15.04.2023 01:28:11 [DEBUG] --no-sandbox mode enabled
15.04.2023 01:28:11 [DEBUG] --disable-setuid-sandbox mode enabled
15.04.2023 01:28:11 [DEBUG] --ignore-certificate-errors mode enabled
15.04.2023 01:28:46 [INFO] Logger has been initialized!
15.04.2023 01:28:46 [DEBUG] Displaying config values!
15.04.2023 01:28:46 [DEBUG] [SECTION]: LOG
15.04.2023 01:28:46 [DEBUG]   Options: ['log_level', 'log_file_prefix', 'log_date_fmt', 'log_dir_name', 'name', 'data_dir_name']
15.04.2023 01:28:46 [DEBUG]     name = LH
15.04.2023 01:28:46 [DEBUG]     data_dir_name = data
15.04.2023 01:28:46 [DEBUG]     log_level = DEBUG
15.04.2023 01:28:46 [DEBUG]     log_file_prefix = LH
15.04.2023 01:28:46 [DEBUG]     log_date_fmt = %d.%m.%Y %H:%M:%S
15.04.2023 01:28:46 [DEBUG]     log_dir_name = logs
15.04.2023 01:28:46 [INFO] Initializing Browser Instance!
15.04.2023 01:28:46 [DEBUG] driver_path: ./chromedriver
15.04.2023 01:28:46 [DEBUG] --no-sandbox mode enabled
15.04.2023 01:28:46 [DEBUG] --disable-setuid-sandbox mode enabled
15.04.2023 01:28:46 [DEBUG] --ignore-certificate-errors mode enabled
15.04.2023 01:29:01 [INFO] Browser has been initialized!
15.04.2023 01:29:02 [INFO] Loading URL:https://www.myparts.ge/en/
15.04.2023 01:29:11 [DEBUG] URL is loaded:https://www.myparts.ge/en/
15.04.2023 01:29:11 [INFO] Closing modal container
15.04.2023 01:29:11 [DEBUG] Modal container is closed
15.04.2023 01:29:13 [INFO] Click on Manufacturer
15.04.2023 01:29:13 [DEBUG] Click on Manufacturer is done
15.04.2023 01:29:13 [INFO] Getting Manufacturer list
15.04.2023 01:29:24 [INFO] Logger has been initialized!
15.04.2023 01:29:24 [DEBUG] Displaying config values!
15.04.2023 01:29:24 [DEBUG] [SECTION]: LOG
15.04.2023 01:29:24 [DEBUG]   Options: ['log_level', 'log_file_prefix', 'log_date_fmt', 'log_dir_name', 'name', 'data_dir_name']
15.04.2023 01:29:24 [DEBUG]     name = LH
15.04.2023 01:29:24 [DEBUG]     data_dir_name = data
15.04.2023 01:29:24 [DEBUG]     log_level = DEBUG
15.04.2023 01:29:24 [DEBUG]     log_file_prefix = LH
15.04.2023 01:29:24 [DEBUG]     log_date_fmt = %d.%m.%Y %H:%M:%S
15.04.2023 01:29:24 [DEBUG]     log_dir_name = logs
15.04.2023 01:29:24 [INFO] Initializing Browser Instance!
15.04.2023 01:29:24 [DEBUG] driver_path: ./chromedriver
15.04.2023 01:29:24 [DEBUG] --no-sandbox mode enabled
15.04.2023 01:29:24 [DEBUG] --disable-setuid-sandbox mode enabled
15.04.2023 01:29:24 [DEBUG] --ignore-certificate-errors mode enabled
15.04.2023 01:29:33 [INFO] Browser has been initialized!
15.04.2023 01:29:34 [INFO] Loading URL:https://www.myparts.ge/en/
15.04.2023 01:29:43 [DEBUG] URL is loaded:https://www.myparts.ge/en/
15.04.2023 01:29:43 [INFO] Closing modal container
15.04.2023 01:30:08 [INFO] Logger has been initialized!
15.04.2023 01:30:08 [DEBUG] Displaying config values!
15.04.2023 01:30:08 [DEBUG] [SECTION]: LOG
15.04.2023 01:30:08 [DEBUG]   Options: ['log_level', 'log_file_prefix', 'log_date_fmt', 'log_dir_name', 'name', 'data_dir_name']
15.04.2023 01:30:08 [DEBUG]     name = LH
15.04.2023 01:30:08 [DEBUG]     data_dir_name = data
15.04.2023 01:30:08 [DEBUG]     log_level = DEBUG
15.04.2023 01:30:08 [DEBUG]     log_file_prefix = LH
15.04.2023 01:30:08 [DEBUG]     log_date_fmt = %d.%m.%Y %H:%M:%S
15.04.2023 01:30:08 [DEBUG]     log_dir_name = logs
15.04.2023 01:30:08 [INFO] Initializing Browser Instance!
15.04.2023 01:30:08 [DEBUG] driver_path: ./chromedriver
15.04.2023 01:30:08 [DEBUG] --no-sandbox mode enabled
15.04.2023 01:30:08 [DEBUG] --disable-setuid-sandbox mode enabled
15.04.2023 01:30:08 [DEBUG] --ignore-certificate-errors mode enabled
15.04.2023 01:30:22 [INFO] Browser has been initialized!
15.04.2023 01:30:22 [INFO] Loading URL:https://www.myparts.ge/en/
15.04.2023 01:30:34 [DEBUG] URL is loaded:https://www.myparts.ge/en/
15.04.2023 01:33:44 [INFO] Logger has been initialized!
15.04.2023 01:33:44 [DEBUG] Displaying config values!
15.04.2023 01:33:44 [DEBUG] [SECTION]: LOG
15.04.2023 01:33:44 [DEBUG]   Options: ['log_level', 'log_file_prefix', 'log_date_fmt', 'log_dir_name', 'name', 'data_dir_name']
15.04.2023 01:33:44 [DEBUG]     name = LH
15.04.2023 01:33:44 [DEBUG]     data_dir_name = data
15.04.2023 01:33:44 [DEBUG]     log_level = DEBUG
15.04.2023 01:33:44 [DEBUG]     log_file_prefix = LH
15.04.2023 01:33:44 [DEBUG]     log_date_fmt = %d.%m.%Y %H:%M:%S
15.04.2023 01:33:44 [DEBUG]     log_dir_name = logs
15.04.2023 01:33:44 [INFO] Initializing Browser Instance!
15.04.2023 01:33:44 [DEBUG] driver_path: ./chromedriver
15.04.2023 01:33:44 [DEBUG] --no-sandbox mode enabled
15.04.2023 01:33:44 [DEBUG] --disable-setuid-sandbox mode enabled
15.04.2023 01:33:44 [DEBUG] --ignore-certificate-errors mode enabled
15.04.2023 01:33:49 [INFO] Browser has been initialized!
15.04.2023 01:33:50 [INFO] Loading URL:https://www.myparts.ge/en/
15.04.2023 01:34:01 [DEBUG] URL is loaded:https://www.myparts.ge/en/
15.04.2023 01:34:01 [INFO] Click on Manufacturer
15.04.2023 01:34:02 [DEBUG] Click on Manufacturer is done
15.04.2023 01:34:02 [INFO] Getting Manufacturer list
15.04.2023 01:42:40 [INFO] Logger has been initialized!
15.04.2023 01:42:40 [DEBUG] Displaying config values!
15.04.2023 01:42:40 [DEBUG] [SECTION]: LOG
15.04.2023 01:42:40 [DEBUG]   Options: ['log_level', 'log_file_prefix', 'log_date_fmt', 'log_dir_name', 'name', 'data_dir_name']
15.04.2023 01:42:40 [DEBUG]     name = LH
15.04.2023 01:42:40 [DEBUG]     data_dir_name = data
15.04.2023 01:42:40 [DEBUG]     log_level = DEBUG
15.04.2023 01:42:40 [DEBUG]     log_file_prefix = LH
15.04.2023 01:42:40 [DEBUG]     log_date_fmt = %d.%m.%Y %H:%M:%S
15.04.2023 01:42:40 [DEBUG]     log_dir_name = logs
15.04.2023 01:42:40 [INFO] Initializing Browser Instance!
15.04.2023 01:42:40 [DEBUG] driver_path: ./chromedriver
15.04.2023 01:42:40 [DEBUG] --no-sandbox mode enabled
15.04.2023 01:42:40 [DEBUG] --disable-setuid-sandbox mode enabled
15.04.2023 01:42:40 [DEBUG] --ignore-certificate-errors mode enabled
15.04.2023 01:43:07 [INFO] Browser has been initialized!
15.04.2023 01:43:08 [INFO] Loading URL:https://www.myparts.ge/en/
15.04.2023 01:43:19 [DEBUG] URL is loaded:https://www.myparts.ge/en/
15.04.2023 01:43:19 [INFO] Closing modal container
15.04.2023 01:43:20 [DEBUG] Modal container is closed
15.04.2023 01:43:20 [INFO] Click on Manufacturer
15.04.2023 01:43:20 [DEBUG] Click on Manufacturer is done
15.04.2023 01:43:20 [INFO] Getting Manufacturer list
15.04.2023 01:43:52 [INFO] Logger has been initialized!
15.04.2023 01:43:52 [DEBUG] Displaying config values!
15.04.2023 01:43:52 [DEBUG] [SECTION]: LOG
15.04.2023 01:43:52 [DEBUG]   Options: ['log_level', 'log_file_prefix', 'log_date_fmt', 'log_dir_name', 'name', 'data_dir_name']
15.04.2023 01:43:52 [DEBUG]     name = LH
15.04.2023 01:43:52 [DEBUG]     data_dir_name = data
15.04.2023 01:43:52 [DEBUG]     log_level = DEBUG
15.04.2023 01:43:52 [DEBUG]     log_file_prefix = LH
15.04.2023 01:43:52 [DEBUG]     log_date_fmt = %d.%m.%Y %H:%M:%S
15.04.2023 01:43:52 [DEBUG]     log_dir_name = logs
15.04.2023 01:43:52 [INFO] Initializing Browser Instance!
15.04.2023 01:43:52 [DEBUG] driver_path: ./chromedriver
15.04.2023 01:43:52 [DEBUG] --no-sandbox mode enabled
15.04.2023 01:43:52 [DEBUG] --disable-setuid-sandbox mode enabled
15.04.2023 01:43:52 [DEBUG] --ignore-certificate-errors mode enabled
15.04.2023 01:43:58 [INFO] Browser has been initialized!
15.04.2023 01:43:58 [INFO] Loading URL:https://www.myparts.ge/en/
15.04.2023 01:44:15 [DEBUG] URL is loaded:https://www.myparts.ge/en/
15.04.2023 01:44:15 [INFO] Closing modal container
15.04.2023 01:44:15 [DEBUG] Modal container is closed
15.04.2023 01:44:15 [INFO] Click on Manufacturer
15.04.2023 01:44:16 [DEBUG] Click on Manufacturer is done
15.04.2023 01:44:16 [INFO] Getting Manufacturer list
15.04.2023 01:48:48 [INFO] Logger has been initialized!
15.04.2023 01:48:48 [DEBUG] Displaying config values!
15.04.2023 01:48:48 [DEBUG] [SECTION]: LOG
15.04.2023 01:48:48 [DEBUG]   Options: ['log_level', 'log_file_prefix', 'log_date_fmt', 'log_dir_name', 'name', 'data_dir_name']
15.04.2023 01:48:48 [DEBUG]     name = LH
15.04.2023 01:48:48 [DEBUG]     data_dir_name = data
15.04.2023 01:48:48 [DEBUG]     log_level = DEBUG
15.04.2023 01:48:48 [DEBUG]     log_file_prefix = LH
15.04.2023 01:48:48 [DEBUG]     log_date_fmt = %d.%m.%Y %H:%M:%S
15.04.2023 01:48:48 [DEBUG]     log_dir_name = logs
15.04.2023 01:48:48 [INFO] Initializing Browser Instance!
15.04.2023 01:48:48 [DEBUG] driver_path: ./chromedriver
15.04.2023 01:48:48 [DEBUG] --no-sandbox mode enabled
15.04.2023 01:48:48 [DEBUG] --disable-setuid-sandbox mode enabled
15.04.2023 01:48:48 [DEBUG] --ignore-certificate-errors mode enabled
15.04.2023 01:48:54 [INFO] Browser has been initialized!
15.04.2023 01:48:54 [INFO] Loading URL:https://www.myparts.ge/en/
15.04.2023 01:49:01 [DEBUG] URL is loaded:https://www.myparts.ge/en/
15.04.2023 01:49:01 [INFO] Closing modal container
15.04.2023 01:49:06 [DEBUG] Modal container is closed
15.04.2023 01:49:06 [INFO] Click on Manufacturer
15.04.2023 01:49:06 [DEBUG] Click on Manufacturer is done
15.04.2023 01:49:06 [INFO] Getting Manufacturer list
15.04.2023 01:52:48 [INFO] Logger has been initialized!
15.04.2023 01:52:48 [DEBUG] Displaying config values!
15.04.2023 01:52:48 [DEBUG] [SECTION]: LOG
15.04.2023 01:52:48 [DEBUG]   Options: ['log_level', 'log_file_prefix', 'log_date_fmt', 'log_dir_name', 'name', 'data_dir_name']
15.04.2023 01:52:48 [DEBUG]     name = LH
15.04.2023 01:52:48 [DEBUG]     data_dir_name = data
15.04.2023 01:52:48 [DEBUG]     log_level = DEBUG
15.04.2023 01:52:48 [DEBUG]     log_file_prefix = LH
15.04.2023 01:52:48 [DEBUG]     log_date_fmt = %d.%m.%Y %H:%M:%S
15.04.2023 01:52:48 [DEBUG]     log_dir_name = logs
15.04.2023 01:52:48 [INFO] Initializing Browser Instance!
15.04.2023 01:52:48 [DEBUG] driver_path: ./chromedriver
15.04.2023 01:52:48 [DEBUG] --no-sandbox mode enabled
15.04.2023 01:52:48 [DEBUG] --disable-setuid-sandbox mode enabled
15.04.2023 01:52:48 [DEBUG] --ignore-certificate-errors mode enabled
15.04.2023 01:52:54 [INFO] Browser has been initialized!
15.04.2023 01:52:55 [INFO] Loading URL:https://www.myparts.ge/en/
15.04.2023 01:53:01 [DEBUG] URL is loaded:https://www.myparts.ge/en/
15.04.2023 01:53:02 [INFO] Closing modal container
15.04.2023 01:53:07 [DEBUG] Modal container is closed
15.04.2023 01:53:07 [INFO] Click on Manufacturer
15.04.2023 01:53:07 [DEBUG] Click on Manufacturer is done
15.04.2023 01:53:07 [INFO] Getting Manufacturer list
15.04.2023 01:53:41 [INFO] Logger has been initialized!
15.04.2023 01:53:41 [DEBUG] Displaying config values!
15.04.2023 01:53:41 [DEBUG] [SECTION]: LOG
15.04.2023 01:53:41 [DEBUG]   Options: ['log_level', 'log_file_prefix', 'log_date_fmt', 'log_dir_name', 'name', 'data_dir_name']
15.04.2023 01:53:41 [DEBUG]     name = LH
15.04.2023 01:53:41 [DEBUG]     data_dir_name = data
15.04.2023 01:53:41 [DEBUG]     log_level = DEBUG
15.04.2023 01:53:41 [DEBUG]     log_file_prefix = LH
15.04.2023 01:53:41 [DEBUG]     log_date_fmt = %d.%m.%Y %H:%M:%S
15.04.2023 01:53:41 [DEBUG]     log_dir_name = logs
15.04.2023 01:53:41 [INFO] Initializing Browser Instance!
15.04.2023 01:53:41 [DEBUG] driver_path: ./chromedriver
15.04.2023 01:53:41 [DEBUG] --no-sandbox mode enabled
15.04.2023 01:53:41 [DEBUG] --disable-setuid-sandbox mode enabled
15.04.2023 01:53:41 [DEBUG] --ignore-certificate-errors mode enabled
15.04.2023 01:53:50 [INFO] Browser has been initialized!
15.04.2023 01:53:51 [INFO] Loading URL:https://www.myparts.ge/en/
15.04.2023 01:53:58 [DEBUG] URL is loaded:https://www.myparts.ge/en/
15.04.2023 01:53:58 [INFO] Closing modal container
15.04.2023 01:54:03 [DEBUG] Modal container is closed
15.04.2023 01:54:03 [INFO] Click on Manufacturer
15.04.2023 01:55:36 [INFO] Logger has been initialized!
15.04.2023 01:55:36 [DEBUG] Displaying config values!
15.04.2023 01:55:36 [DEBUG] [SECTION]: LOG
15.04.2023 01:55:36 [DEBUG]   Options: ['log_level', 'log_file_prefix', 'log_date_fmt', 'log_dir_name', 'name', 'data_dir_name']
15.04.2023 01:55:36 [DEBUG]     name = LH
15.04.2023 01:55:36 [DEBUG]     data_dir_name = data
15.04.2023 01:55:36 [DEBUG]     log_level = DEBUG
15.04.2023 01:55:36 [DEBUG]     log_file_prefix = LH
15.04.2023 01:55:36 [DEBUG]     log_date_fmt = %d.%m.%Y %H:%M:%S
15.04.2023 01:55:36 [DEBUG]     log_dir_name = logs
15.04.2023 01:55:36 [INFO] Initializing Browser Instance!
15.04.2023 01:55:36 [DEBUG] driver_path: ./chromedriver
15.04.2023 01:55:36 [DEBUG] --no-sandbox mode enabled
15.04.2023 01:55:36 [DEBUG] --disable-setuid-sandbox mode enabled
15.04.2023 01:55:36 [DEBUG] --ignore-certificate-errors mode enabled
15.04.2023 01:55:47 [INFO] Browser has been initialized!
15.04.2023 01:55:47 [INFO] Loading URL:https://www.myparts.ge/en/
15.04.2023 01:55:56 [DEBUG] URL is loaded:https://www.myparts.ge/en/
15.04.2023 01:55:56 [INFO] Closing modal container
15.04.2023 01:56:32 [INFO] Logger has been initialized!
15.04.2023 01:56:32 [DEBUG] Displaying config values!
15.04.2023 01:56:32 [DEBUG] [SECTION]: LOG
15.04.2023 01:56:32 [DEBUG]   Options: ['log_level', 'log_file_prefix', 'log_date_fmt', 'log_dir_name', 'name', 'data_dir_name']
15.04.2023 01:56:32 [DEBUG]     name = LH
15.04.2023 01:56:32 [DEBUG]     data_dir_name = data
15.04.2023 01:56:32 [DEBUG]     log_level = DEBUG
15.04.2023 01:56:32 [DEBUG]     log_file_prefix = LH
15.04.2023 01:56:32 [DEBUG]     log_date_fmt = %d.%m.%Y %H:%M:%S
15.04.2023 01:56:32 [DEBUG]     log_dir_name = logs
15.04.2023 01:56:32 [INFO] Initializing Browser Instance!
15.04.2023 01:56:32 [DEBUG] driver_path: ./chromedriver
15.04.2023 01:56:32 [DEBUG] --no-sandbox mode enabled
15.04.2023 01:56:32 [DEBUG] --disable-setuid-sandbox mode enabled
15.04.2023 01:56:32 [DEBUG] --ignore-certificate-errors mode enabled
15.04.2023 01:56:38 [INFO] Browser has been initialized!
15.04.2023 01:56:38 [INFO] Loading URL:https://www.myparts.ge/en/
15.04.2023 01:56:51 [DEBUG] URL is loaded:https://www.myparts.ge/en/
15.04.2023 01:56:51 [INFO] Closing modal container
15.04.2023 02:02:56 [INFO] Logger has been initialized!
15.04.2023 02:02:56 [DEBUG] Displaying config values!
15.04.2023 02:02:56 [DEBUG] [SECTION]: LOG
15.04.2023 02:02:56 [DEBUG]   Options: ['log_level', 'log_file_prefix', 'log_date_fmt', 'log_dir_name', 'name', 'data_dir_name']
15.04.2023 02:02:56 [DEBUG]     name = LH
15.04.2023 02:02:56 [DEBUG]     data_dir_name = data
15.04.2023 02:02:56 [DEBUG]     log_level = DEBUG
15.04.2023 02:02:56 [DEBUG]     log_file_prefix = LH
15.04.2023 02:02:56 [DEBUG]     log_date_fmt = %d.%m.%Y %H:%M:%S
15.04.2023 02:02:56 [DEBUG]     log_dir_name = logs
15.04.2023 02:02:56 [INFO] Initializing Browser Instance!
15.04.2023 02:02:56 [DEBUG] driver_path: ./chromedriver
15.04.2023 02:02:56 [DEBUG] --no-sandbox mode enabled
15.04.2023 02:02:56 [DEBUG] --disable-setuid-sandbox mode enabled
15.04.2023 02:02:56 [DEBUG] --ignore-certificate-errors mode enabled
15.04.2023 02:03:03 [INFO] Browser has been initialized!
15.04.2023 02:03:03 [INFO] Loading URL:https://www.myparts.ge/en/
15.04.2023 02:03:29 [INFO] Logger has been initialized!
15.04.2023 02:03:29 [DEBUG] Displaying config values!
15.04.2023 02:03:29 [DEBUG] [SECTION]: LOG
15.04.2023 02:03:29 [DEBUG]   Options: ['log_level', 'log_file_prefix', 'log_date_fmt', 'log_dir_name', 'name', 'data_dir_name']
15.04.2023 02:03:29 [DEBUG]     name = LH
15.04.2023 02:03:29 [DEBUG]     data_dir_name = data
15.04.2023 02:03:29 [DEBUG]     log_level = DEBUG
15.04.2023 02:03:29 [DEBUG]     log_file_prefix = LH
15.04.2023 02:03:29 [DEBUG]     log_date_fmt = %d.%m.%Y %H:%M:%S
15.04.2023 02:03:29 [DEBUG]     log_dir_name = logs
15.04.2023 02:03:29 [INFO] Initializing Browser Instance!
15.04.2023 02:03:29 [DEBUG] driver_path: ./chromedriver
15.04.2023 02:03:29 [DEBUG] --no-sandbox mode enabled
15.04.2023 02:03:29 [DEBUG] --disable-setuid-sandbox mode enabled
15.04.2023 02:03:29 [DEBUG] --ignore-certificate-errors mode enabled
15.04.2023 02:03:34 [INFO] Browser has been initialized!
15.04.2023 02:03:35 [INFO] Loading URL:https://www.myparts.ge/en/
15.04.2023 02:03:48 [DEBUG] URL is loaded:https://www.myparts.ge/en/
15.04.2023 02:03:48 [INFO] Closing modal container
15.04.2023 02:03:48 [DEBUG] Modal container is closed
15.04.2023 02:03:48 [INFO] Click on Manufacturer
15.04.2023 02:03:49 [DEBUG] Click on Manufacturer is done
15.04.2023 02:03:49 [INFO] Getting Manufacturer list
15.04.2023 02:08:24 [INFO] Logger has been initialized!
15.04.2023 02:08:24 [DEBUG] Displaying config values!
15.04.2023 02:08:24 [DEBUG] [SECTION]: LOG
15.04.2023 02:08:24 [DEBUG]   Options: ['log_level', 'log_file_prefix', 'log_date_fmt', 'log_dir_name', 'name', 'data_dir_name']
15.04.2023 02:08:24 [DEBUG]     name = LH
15.04.2023 02:08:24 [DEBUG]     data_dir_name = data
15.04.2023 02:08:24 [DEBUG]     log_level = DEBUG
15.04.2023 02:08:24 [DEBUG]     log_file_prefix = LH
15.04.2023 02:08:24 [DEBUG]     log_date_fmt = %d.%m.%Y %H:%M:%S
15.04.2023 02:08:24 [DEBUG]     log_dir_name = logs
15.04.2023 02:08:24 [INFO] Initializing Browser Instance!
15.04.2023 02:08:24 [DEBUG] driver_path: ./chromedriver
15.04.2023 02:08:24 [DEBUG] --no-sandbox mode enabled
15.04.2023 02:08:24 [DEBUG] --disable-setuid-sandbox mode enabled
15.04.2023 02:08:24 [DEBUG] --ignore-certificate-errors mode enabled
15.04.2023 02:08:32 [INFO] Browser has been initialized!
15.04.2023 02:08:32 [INFO] Loading URL:https://www.myparts.ge/en/
15.04.2023 02:09:12 [INFO] Logger has been initialized!
15.04.2023 02:09:12 [DEBUG] Displaying config values!
15.04.2023 02:09:12 [DEBUG] [SECTION]: LOG
15.04.2023 02:09:12 [DEBUG]   Options: ['log_level', 'log_file_prefix', 'log_date_fmt', 'log_dir_name', 'name', 'data_dir_name']
15.04.2023 02:09:12 [DEBUG]     name = LH
15.04.2023 02:09:12 [DEBUG]     data_dir_name = data
15.04.2023 02:09:12 [DEBUG]     log_level = DEBUG
15.04.2023 02:09:12 [DEBUG]     log_file_prefix = LH
15.04.2023 02:09:12 [DEBUG]     log_date_fmt = %d.%m.%Y %H:%M:%S
15.04.2023 02:09:12 [DEBUG]     log_dir_name = logs
15.04.2023 02:09:12 [INFO] Initializing Browser Instance!
15.04.2023 02:09:12 [DEBUG] driver_path: ./chromedriver
15.04.2023 02:09:12 [DEBUG] --no-sandbox mode enabled
15.04.2023 02:09:12 [DEBUG] --disable-setuid-sandbox mode enabled
15.04.2023 02:09:12 [DEBUG] --ignore-certificate-errors mode enabled
15.04.2023 02:09:17 [INFO] Browser has been initialized!
15.04.2023 02:09:18 [INFO] Loading URL:https://www.myparts.ge/en/
15.04.2023 02:09:39 [INFO] Logger has been initialized!
15.04.2023 02:09:39 [DEBUG] Displaying config values!
15.04.2023 02:09:39 [DEBUG] [SECTION]: LOG
15.04.2023 02:09:39 [DEBUG]   Options: ['log_level', 'log_file_prefix', 'log_date_fmt', 'log_dir_name', 'name', 'data_dir_name']
15.04.2023 02:09:39 [DEBUG]     name = LH
15.04.2023 02:09:39 [DEBUG]     data_dir_name = data
15.04.2023 02:09:39 [DEBUG]     log_level = DEBUG
15.04.2023 02:09:39 [DEBUG]     log_file_prefix = LH
15.04.2023 02:09:39 [DEBUG]     log_date_fmt = %d.%m.%Y %H:%M:%S
15.04.2023 02:09:39 [DEBUG]     log_dir_name = logs
15.04.2023 02:09:39 [INFO] Initializing Browser Instance!
15.04.2023 02:09:39 [DEBUG] driver_path: ./chromedriver
15.04.2023 02:09:39 [DEBUG] --no-sandbox mode enabled
15.04.2023 02:09:39 [DEBUG] --disable-setuid-sandbox mode enabled
15.04.2023 02:09:39 [DEBUG] --ignore-certificate-errors mode enabled
15.04.2023 02:09:49 [INFO] Browser has been initialized!
15.04.2023 02:09:50 [INFO] Loading URL:https://www.myparts.ge/en/
15.04.2023 02:14:50 [INFO] Logger has been initialized!
15.04.2023 02:14:50 [DEBUG] Displaying config values!
15.04.2023 02:14:50 [DEBUG] [SECTION]: LOG
15.04.2023 02:14:50 [DEBUG]   Options: ['log_level', 'log_file_prefix', 'log_date_fmt', 'log_dir_name', 'name', 'data_dir_name']
15.04.2023 02:14:50 [DEBUG]     name = LH
15.04.2023 02:14:50 [DEBUG]     data_dir_name = data
15.04.2023 02:14:50 [DEBUG]     log_level = DEBUG
15.04.2023 02:14:50 [DEBUG]     log_file_prefix = LH
15.04.2023 02:14:50 [DEBUG]     log_date_fmt = %d.%m.%Y %H:%M:%S
15.04.2023 02:14:50 [DEBUG]     log_dir_name = logs
15.04.2023 02:14:50 [INFO] Initializing Browser Instance!
15.04.2023 02:14:50 [DEBUG] driver_path: ./chromedriver
15.04.2023 02:14:50 [DEBUG] --no-sandbox mode enabled
15.04.2023 02:14:50 [DEBUG] --disable-setuid-sandbox mode enabled
15.04.2023 02:14:50 [DEBUG] --ignore-certificate-errors mode enabled
15.04.2023 02:14:58 [INFO] Browser has been initialized!
15.04.2023 02:14:59 [INFO] Loading URL:https://www.myparts.ge/en/
15.04.2023 02:15:13 [DEBUG] URL is loaded:https://www.myparts.ge/en/
15.04.2023 02:15:13 [INFO] Click on Manufacturer
15.04.2023 02:15:13 [DEBUG] Click on Manufacturer is done
15.04.2023 02:15:13 [INFO] Getting Manufacturer list
15.04.2023 02:17:51 [INFO] Logger has been initialized!
15.04.2023 02:17:51 [DEBUG] Displaying config values!
15.04.2023 02:17:51 [DEBUG] [SECTION]: LOG
15.04.2023 02:17:51 [DEBUG]   Options: ['log_level', 'log_file_prefix', 'log_date_fmt', 'log_dir_name', 'name', 'data_dir_name']
15.04.2023 02:17:51 [DEBUG]     name = LH
15.04.2023 02:17:51 [DEBUG]     data_dir_name = data
15.04.2023 02:17:51 [DEBUG]     log_level = DEBUG
15.04.2023 02:17:51 [DEBUG]     log_file_prefix = LH
15.04.2023 02:17:51 [DEBUG]     log_date_fmt = %d.%m.%Y %H:%M:%S
15.04.2023 02:17:51 [DEBUG]     log_dir_name = logs
15.04.2023 02:17:51 [INFO] Initializing Browser Instance!
15.04.2023 02:17:51 [DEBUG] driver_path: ./chromedriver
15.04.2023 02:17:51 [DEBUG] --no-sandbox mode enabled
15.04.2023 02:17:51 [DEBUG] --disable-setuid-sandbox mode enabled
15.04.2023 02:17:51 [DEBUG] --ignore-certificate-errors mode enabled
15.04.2023 02:17:59 [INFO] Browser has been initialized!
15.04.2023 02:18:00 [INFO] Loading URL:https://www.myparts.ge/en/
15.04.2023 02:18:14 [DEBUG] URL is loaded:https://www.myparts.ge/en/
15.04.2023 02:18:14 [INFO] Click on Manufacturer
15.04.2023 02:18:14 [DEBUG] Click on Manufacturer is done
15.04.2023 02:18:14 [INFO] Getting Manufacturer list
15.04.2023 02:20:33 [INFO] Logger has been initialized!
15.04.2023 02:20:33 [DEBUG] Displaying config values!
15.04.2023 02:20:33 [DEBUG] [SECTION]: LOG
15.04.2023 02:20:33 [DEBUG]   Options: ['log_level', 'log_file_prefix', 'log_date_fmt', 'log_dir_name', 'name', 'data_dir_name']
15.04.2023 02:20:33 [DEBUG]     name = LH
15.04.2023 02:20:33 [DEBUG]     data_dir_name = data
15.04.2023 02:20:33 [DEBUG]     log_level = DEBUG
15.04.2023 02:20:33 [DEBUG]     log_file_prefix = LH
15.04.2023 02:20:33 [DEBUG]     log_date_fmt = %d.%m.%Y %H:%M:%S
15.04.2023 02:20:33 [DEBUG]     log_dir_name = logs
15.04.2023 02:20:33 [INFO] Initializing Browser Instance!
15.04.2023 02:20:33 [DEBUG] driver_path: ./chromedriver
15.04.2023 02:20:33 [DEBUG] --no-sandbox mode enabled
15.04.2023 02:20:33 [DEBUG] --disable-setuid-sandbox mode enabled
15.04.2023 02:20:33 [DEBUG] --ignore-certificate-errors mode enabled
15.04.2023 02:20:40 [INFO] Browser has been initialized!
15.04.2023 02:20:40 [INFO] Loading URL:https://www.myparts.ge/en/
15.04.2023 02:20:54 [DEBUG] URL is loaded:https://www.myparts.ge/en/
15.04.2023 02:20:55 [INFO] Click on Manufacturer
15.04.2023 02:20:55 [DEBUG] Click on Manufacturer is done
15.04.2023 02:20:55 [INFO] Getting Manufacturer list
15.04.2023 02:21:29 [INFO] Logger has been initialized!
15.04.2023 02:21:29 [DEBUG] Displaying config values!
15.04.2023 02:21:29 [DEBUG] [SECTION]: LOG
15.04.2023 02:21:29 [DEBUG]   Options: ['log_level', 'log_file_prefix', 'log_date_fmt', 'log_dir_name', 'name', 'data_dir_name']
15.04.2023 02:21:29 [DEBUG]     name = LH
15.04.2023 02:21:29 [DEBUG]     data_dir_name = data
15.04.2023 02:21:29 [DEBUG]     log_level = DEBUG
15.04.2023 02:21:29 [DEBUG]     log_file_prefix = LH
15.04.2023 02:21:29 [DEBUG]     log_date_fmt = %d.%m.%Y %H:%M:%S
15.04.2023 02:21:29 [DEBUG]     log_dir_name = logs
15.04.2023 02:21:29 [INFO] Initializing Browser Instance!
15.04.2023 02:21:29 [DEBUG] driver_path: ./chromedriver
15.04.2023 02:21:29 [DEBUG] --no-sandbox mode enabled
15.04.2023 02:21:29 [DEBUG] --disable-setuid-sandbox mode enabled
15.04.2023 02:21:29 [DEBUG] --ignore-certificate-errors mode enabled
15.04.2023 02:21:35 [INFO] Browser has been initialized!
15.04.2023 02:21:35 [INFO] Loading URL:https://www.myparts.ge/en/
15.04.2023 02:22:45 [INFO] Logger has been initialized!
15.04.2023 02:22:45 [DEBUG] Displaying config values!
15.04.2023 02:22:45 [DEBUG] [SECTION]: LOG
15.04.2023 02:22:45 [DEBUG]   Options: ['log_level', 'log_file_prefix', 'log_date_fmt', 'log_dir_name', 'name', 'data_dir_name']
15.04.2023 02:22:45 [DEBUG]     name = LH
15.04.2023 02:22:45 [DEBUG]     data_dir_name = data
15.04.2023 02:22:45 [DEBUG]     log_level = DEBUG
15.04.2023 02:22:45 [DEBUG]     log_file_prefix = LH
15.04.2023 02:22:45 [DEBUG]     log_date_fmt = %d.%m.%Y %H:%M:%S
15.04.2023 02:22:45 [DEBUG]     log_dir_name = logs
15.04.2023 02:22:45 [INFO] Initializing Browser Instance!
15.04.2023 02:22:45 [DEBUG] driver_path: ./chromedriver
15.04.2023 02:22:45 [DEBUG] --no-sandbox mode enabled
15.04.2023 02:22:45 [DEBUG] --disable-setuid-sandbox mode enabled
15.04.2023 02:22:45 [DEBUG] --ignore-certificate-errors mode enabled
15.04.2023 02:22:51 [INFO] Browser has been initialized!
15.04.2023 02:22:51 [INFO] Loading URL:https://www.myparts.ge/en/
15.04.2023 02:23:18 [INFO] Logger has been initialized!
15.04.2023 02:23:18 [DEBUG] Displaying config values!
15.04.2023 02:23:18 [DEBUG] [SECTION]: LOG
15.04.2023 02:23:18 [DEBUG]   Options: ['log_level', 'log_file_prefix', 'log_date_fmt', 'log_dir_name', 'name', 'data_dir_name']
15.04.2023 02:23:18 [DEBUG]     name = LH
15.04.2023 02:23:18 [DEBUG]     data_dir_name = data
15.04.2023 02:23:18 [DEBUG]     log_level = DEBUG
15.04.2023 02:23:18 [DEBUG]     log_file_prefix = LH
15.04.2023 02:23:18 [DEBUG]     log_date_fmt = %d.%m.%Y %H:%M:%S
15.04.2023 02:23:18 [DEBUG]     log_dir_name = logs
15.04.2023 02:23:18 [INFO] Initializing Browser Instance!
15.04.2023 02:23:18 [DEBUG] driver_path: ./chromedriver
15.04.2023 02:23:18 [DEBUG] --no-sandbox mode enabled
15.04.2023 02:23:18 [DEBUG] --disable-setuid-sandbox mode enabled
15.04.2023 02:23:18 [DEBUG] --ignore-certificate-errors mode enabled
15.04.2023 02:23:23 [INFO] Browser has been initialized!
15.04.2023 02:23:24 [INFO] Loading URL:https://www.myparts.ge/en/
15.04.2023 02:23:39 [DEBUG] URL is loaded:https://www.myparts.ge/en/
15.04.2023 02:23:39 [INFO] Click on Manufacturer
15.04.2023 02:23:39 [DEBUG] Click on Manufacturer is done
15.04.2023 02:23:39 [INFO] Getting Manufacturer list
15.04.2023 02:23:56 [INFO] Logger has been initialized!
15.04.2023 02:23:56 [DEBUG] Displaying config values!
15.04.2023 02:23:56 [DEBUG] [SECTION]: LOG
15.04.2023 02:23:56 [DEBUG]   Options: ['log_level', 'log_file_prefix', 'log_date_fmt', 'log_dir_name', 'name', 'data_dir_name']
15.04.2023 02:23:56 [DEBUG]     name = LH
15.04.2023 02:23:56 [DEBUG]     data_dir_name = data
15.04.2023 02:23:56 [DEBUG]     log_level = DEBUG
15.04.2023 02:23:56 [DEBUG]     log_file_prefix = LH
15.04.2023 02:23:56 [DEBUG]     log_date_fmt = %d.%m.%Y %H:%M:%S
15.04.2023 02:23:56 [DEBUG]     log_dir_name = logs
15.04.2023 02:23:56 [INFO] Initializing Browser Instance!
15.04.2023 02:23:56 [DEBUG] driver_path: ./chromedriver
15.04.2023 02:23:56 [DEBUG] --no-sandbox mode enabled
15.04.2023 02:23:56 [DEBUG] --disable-setuid-sandbox mode enabled
15.04.2023 02:23:56 [DEBUG] --ignore-certificate-errors mode enabled
15.04.2023 02:24:02 [INFO] Browser has been initialized!
15.04.2023 02:24:03 [INFO] Loading URL:https://www.myparts.ge/en/
15.04.2023 02:24:17 [DEBUG] URL is loaded:https://www.myparts.ge/en/
15.04.2023 02:24:17 [INFO] Click on Manufacturer
15.04.2023 02:24:18 [DEBUG] Click on Manufacturer is done
15.04.2023 02:24:18 [INFO] Getting Manufacturer list
15.04.2023 02:29:43 [INFO] Logger has been initialized!
15.04.2023 02:29:43 [DEBUG] Displaying config values!
15.04.2023 02:29:43 [DEBUG] [SECTION]: LOG
15.04.2023 02:29:43 [DEBUG]   Options: ['log_level', 'log_file_prefix', 'log_date_fmt', 'log_dir_name', 'name', 'data_dir_name']
15.04.2023 02:29:43 [DEBUG]     name = LH
15.04.2023 02:29:43 [DEBUG]     data_dir_name = data
15.04.2023 02:29:43 [DEBUG]     log_level = DEBUG
15.04.2023 02:29:43 [DEBUG]     log_file_prefix = LH
15.04.2023 02:29:43 [DEBUG]     log_date_fmt = %d.%m.%Y %H:%M:%S
15.04.2023 02:29:43 [DEBUG]     log_dir_name = logs
15.04.2023 02:29:43 [INFO] Initializing Browser Instance!
15.04.2023 02:29:43 [DEBUG] driver_path: ./chromedriver
15.04.2023 02:29:43 [DEBUG] --no-sandbox mode enabled
15.04.2023 02:29:43 [DEBUG] --disable-setuid-sandbox mode enabled
15.04.2023 02:29:43 [DEBUG] --ignore-certificate-errors mode enabled
15.04.2023 02:29:49 [INFO] Browser has been initialized!
15.04.2023 02:29:49 [INFO] Loading URL:https://www.myparts.ge/en/
15.04.2023 02:36:43 [INFO] Logger has been initialized!
15.04.2023 02:36:43 [DEBUG] Displaying config values!
15.04.2023 02:36:43 [DEBUG] [SECTION]: LOG
15.04.2023 02:36:43 [DEBUG]   Options: ['log_level', 'log_file_prefix', 'log_date_fmt', 'log_dir_name', 'name', 'data_dir_name']
15.04.2023 02:36:43 [DEBUG]     name = LH
15.04.2023 02:36:43 [DEBUG]     data_dir_name = data
15.04.2023 02:36:43 [DEBUG]     log_level = DEBUG
15.04.2023 02:36:43 [DEBUG]     log_file_prefix = LH
15.04.2023 02:36:43 [DEBUG]     log_date_fmt = %d.%m.%Y %H:%M:%S
15.04.2023 02:36:43 [DEBUG]     log_dir_name = logs
15.04.2023 02:36:43 [INFO] Initializing Browser Instance!
15.04.2023 02:36:43 [DEBUG] driver_path: ./chromedriver
15.04.2023 02:36:43 [DEBUG] --no-sandbox mode enabled
15.04.2023 02:36:43 [DEBUG] --disable-setuid-sandbox mode enabled
15.04.2023 02:36:43 [DEBUG] --ignore-certificate-errors mode enabled
15.04.2023 02:36:48 [INFO] Browser has been initialized!
15.04.2023 02:36:49 [INFO] Loading URL:https://www.myparts.ge/en/
15.04.2023 02:59:20 [INFO] Logger has been initialized!
15.04.2023 02:59:20 [DEBUG] Displaying config values!
15.04.2023 02:59:20 [DEBUG] [SECTION]: LOG
15.04.2023 02:59:20 [DEBUG]   Options: ['log_level', 'log_file_prefix', 'log_date_fmt', 'log_dir_name', 'name', 'data_dir_name']
15.04.2023 02:59:20 [DEBUG]     name = LH
15.04.2023 02:59:20 [DEBUG]     data_dir_name = data
15.04.2023 02:59:20 [DEBUG]     log_level = DEBUG
15.04.2023 02:59:20 [DEBUG]     log_file_prefix = LH
15.04.2023 02:59:20 [DEBUG]     log_date_fmt = %d.%m.%Y %H:%M:%S
15.04.2023 02:59:20 [DEBUG]     log_dir_name = logs
15.04.2023 02:59:20 [INFO] Initializing Browser Instance!
15.04.2023 02:59:20 [DEBUG] driver_path: ./chromedriver
15.04.2023 02:59:20 [DEBUG] --no-sandbox mode enabled
15.04.2023 02:59:20 [DEBUG] --disable-setuid-sandbox mode enabled
15.04.2023 02:59:20 [DEBUG] --ignore-certificate-errors mode enabled
15.04.2023 03:00:39 [INFO] Logger has been initialized!
15.04.2023 03:00:39 [DEBUG] Displaying config values!
15.04.2023 03:00:39 [DEBUG] [SECTION]: LOG
15.04.2023 03:00:39 [DEBUG]   Options: ['log_level', 'log_file_prefix', 'log_date_fmt', 'log_dir_name', 'name', 'data_dir_name']
15.04.2023 03:00:39 [DEBUG]     name = LH
15.04.2023 03:00:39 [DEBUG]     data_dir_name = data
15.04.2023 03:00:39 [DEBUG]     log_level = DEBUG
15.04.2023 03:00:39 [DEBUG]     log_file_prefix = LH
15.04.2023 03:00:39 [DEBUG]     log_date_fmt = %d.%m.%Y %H:%M:%S
15.04.2023 03:00:39 [DEBUG]     log_dir_name = logs
15.04.2023 03:00:39 [INFO] Initializing Browser Instance!
15.04.2023 03:00:39 [DEBUG] driver_path: ./chromedriver
15.04.2023 03:00:39 [DEBUG] --no-sandbox mode enabled
15.04.2023 03:00:39 [DEBUG] --disable-setuid-sandbox mode enabled
15.04.2023 03:00:39 [DEBUG] --ignore-certificate-errors mode enabled
15.04.2023 03:05:42 [INFO] Logger has been initialized!
15.04.2023 03:05:42 [DEBUG] Displaying config values!
15.04.2023 03:05:42 [DEBUG] [SECTION]: LOG
15.04.2023 03:05:42 [DEBUG]   Options: ['log_level', 'log_file_prefix', 'log_date_fmt', 'log_dir_name', 'name', 'data_dir_name']
15.04.2023 03:05:42 [DEBUG]     name = LH
15.04.2023 03:05:42 [DEBUG]     data_dir_name = data
15.04.2023 03:05:42 [DEBUG]     log_level = DEBUG
15.04.2023 03:05:42 [DEBUG]     log_file_prefix = LH
15.04.2023 03:05:42 [DEBUG]     log_date_fmt = %d.%m.%Y %H:%M:%S
15.04.2023 03:05:42 [DEBUG]     log_dir_name = logs
15.04.2023 03:05:42 [INFO] Initializing Browser Instance!
15.04.2023 03:05:42 [DEBUG] driver_path: ./chromedriver
15.04.2023 03:05:42 [DEBUG] --no-sandbox mode enabled
15.04.2023 03:05:42 [DEBUG] --disable-setuid-sandbox mode enabled
15.04.2023 03:05:42 [DEBUG] --ignore-certificate-errors mode enabled
15.04.2023 03:05:48 [INFO] Browser has been initialized!
15.04.2023 03:05:48 [INFO] Loading URL:https://www.myparts.ge/en/
15.04.2023 03:06:02 [DEBUG] URL is loaded:https://www.myparts.ge/en/
15.04.2023 03:06:02 [INFO] Closing modal container
15.04.2023 03:06:02 [DEBUG] Modal container is closed
15.04.2023 03:06:02 [INFO] Click on Manufacturer
15.04.2023 03:06:02 [DEBUG] Click on Manufacturer is done
15.04.2023 03:06:02 [INFO] Getting Manufacturer list
15.04.2023 03:11:20 [INFO] Logger has been initialized!
15.04.2023 03:11:20 [DEBUG] Displaying config values!
15.04.2023 03:11:20 [DEBUG] [SECTION]: LOG
15.04.2023 03:11:20 [DEBUG]   Options: ['log_level', 'log_file_prefix', 'log_date_fmt', 'log_dir_name', 'name', 'data_dir_name']
15.04.2023 03:11:20 [DEBUG]     name = LH
15.04.2023 03:11:20 [DEBUG]     data_dir_name = data
15.04.2023 03:11:20 [DEBUG]     log_level = DEBUG
15.04.2023 03:11:20 [DEBUG]     log_file_prefix = LH
15.04.2023 03:11:20 [DEBUG]     log_date_fmt = %d.%m.%Y %H:%M:%S
15.04.2023 03:11:20 [DEBUG]     log_dir_name = logs
15.04.2023 03:11:20 [INFO] Initializing Browser Instance!
15.04.2023 03:11:20 [DEBUG] driver_path: ./chromedriver
15.04.2023 03:11:20 [DEBUG] --no-sandbox mode enabled
15.04.2023 03:11:20 [DEBUG] --disable-setuid-sandbox mode enabled
15.04.2023 03:11:20 [DEBUG] --ignore-certificate-errors mode enabled
15.04.2023 03:11:27 [INFO] Browser has been initialized!
15.04.2023 03:11:27 [INFO] Loading URL:https://www.myparts.ge/en/
15.04.2023 03:11:40 [DEBUG] URL is loaded:https://www.myparts.ge/en/
15.04.2023 03:11:40 [INFO] Closing modal container
15.04.2023 03:11:40 [DEBUG] Modal container is closed
15.04.2023 03:11:40 [INFO] Click on Manufacturer
15.04.2023 03:11:41 [DEBUG] Click on Manufacturer is done
15.04.2023 03:11:41 [INFO] Getting Manufacturer list
15.04.2023 03:12:15 [INFO] Logger has been initialized!
15.04.2023 03:12:15 [DEBUG] Displaying config values!
15.04.2023 03:12:15 [DEBUG] [SECTION]: LOG
15.04.2023 03:12:15 [DEBUG]   Options: ['log_level', 'log_file_prefix', 'log_date_fmt', 'log_dir_name', 'name', 'data_dir_name']
15.04.2023 03:12:15 [DEBUG]     name = LH
15.04.2023 03:12:15 [DEBUG]     data_dir_name = data
15.04.2023 03:12:15 [DEBUG]     log_level = DEBUG
15.04.2023 03:12:15 [DEBUG]     log_file_prefix = LH
15.04.2023 03:12:15 [DEBUG]     log_date_fmt = %d.%m.%Y %H:%M:%S
15.04.2023 03:12:15 [DEBUG]     log_dir_name = logs
15.04.2023 03:12:15 [INFO] Initializing Browser Instance!
15.04.2023 03:12:15 [DEBUG] driver_path: ./chromedriver
15.04.2023 03:12:15 [DEBUG] --no-sandbox mode enabled
15.04.2023 03:12:15 [DEBUG] --disable-setuid-sandbox mode enabled
15.04.2023 03:12:15 [DEBUG] --ignore-certificate-errors mode enabled
15.04.2023 03:12:21 [INFO] Browser has been initialized!
15.04.2023 03:12:21 [INFO] Loading URL:https://www.myparts.ge/en/
15.04.2023 03:12:41 [INFO] Logger has been initialized!
15.04.2023 03:12:41 [DEBUG] Displaying config values!
15.04.2023 03:12:41 [DEBUG] [SECTION]: LOG
15.04.2023 03:12:41 [DEBUG]   Options: ['log_level', 'log_file_prefix', 'log_date_fmt', 'log_dir_name', 'name', 'data_dir_name']
15.04.2023 03:12:41 [DEBUG]     name = LH
15.04.2023 03:12:41 [DEBUG]     data_dir_name = data
15.04.2023 03:12:41 [DEBUG]     log_level = DEBUG
15.04.2023 03:12:41 [DEBUG]     log_file_prefix = LH
15.04.2023 03:12:41 [DEBUG]     log_date_fmt = %d.%m.%Y %H:%M:%S
15.04.2023 03:12:41 [DEBUG]     log_dir_name = logs
15.04.2023 03:12:41 [INFO] Initializing Browser Instance!
15.04.2023 03:12:41 [DEBUG] driver_path: ./chromedriver
15.04.2023 03:12:41 [DEBUG] --no-sandbox mode enabled
15.04.2023 03:12:41 [DEBUG] --disable-setuid-sandbox mode enabled
15.04.2023 03:12:41 [DEBUG] --ignore-certificate-errors mode enabled
15.04.2023 03:12:47 [INFO] Browser has been initialized!
15.04.2023 03:12:47 [INFO] Loading URL:https://www.myparts.ge/en/
15.04.2023 03:13:01 [DEBUG] URL is loaded:https://www.myparts.ge/en/
15.04.2023 03:13:01 [INFO] Closing modal container
15.04.2023 03:13:01 [DEBUG] Modal container is closed
15.04.2023 03:13:01 [INFO] Click on Manufacturer
15.04.2023 03:13:02 [DEBUG] Click on Manufacturer is done
15.04.2023 03:13:02 [INFO] Getting Manufacturer list
15.04.2023 03:13:22 [INFO] Click on Model
15.04.2023 03:13:22 [DEBUG] Click on Model is done
15.04.2023 03:13:22 [INFO] Getting Model list
15.04.2023 03:46:23 [INFO] Logger has been initialized!
15.04.2023 03:46:23 [DEBUG] Displaying config values!
15.04.2023 03:46:23 [DEBUG] [SECTION]: LOG
15.04.2023 03:46:23 [DEBUG]   Options: ['log_level', 'log_file_prefix', 'log_date_fmt', 'log_dir_name', 'name', 'data_dir_name']
15.04.2023 03:46:23 [DEBUG]     name = LH
15.04.2023 03:46:23 [DEBUG]     data_dir_name = data
15.04.2023 03:46:23 [DEBUG]     log_level = DEBUG
15.04.2023 03:46:23 [DEBUG]     log_file_prefix = LH
15.04.2023 03:46:23 [DEBUG]     log_date_fmt = %d.%m.%Y %H:%M:%S
15.04.2023 03:46:23 [DEBUG]     log_dir_name = logs
15.04.2023 03:46:23 [INFO] Initializing Browser Instance!
15.04.2023 03:46:23 [DEBUG] driver_path: ./chromedriver
15.04.2023 03:46:23 [DEBUG] --no-sandbox mode enabled
15.04.2023 03:46:23 [DEBUG] --disable-setuid-sandbox mode enabled
15.04.2023 03:46:23 [DEBUG] --ignore-certificate-errors mode enabled
15.04.2023 03:46:29 [INFO] Browser has been initialized!
15.04.2023 03:46:29 [INFO] Loading URL:https://www.myparts.ge/en/
15.04.2023 03:46:36 [DEBUG] URL is loaded:https://www.myparts.ge/en/
15.04.2023 03:46:37 [INFO] Closing modal container
15.04.2023 03:46:37 [DEBUG] Modal container is closed
15.04.2023 03:46:37 [INFO] Click on Manufacturer
15.04.2023 03:46:38 [DEBUG] Click on Manufacturer is done
15.04.2023 03:46:38 [INFO] Getting Manufacturer list
15.04.2023 03:46:48 [INFO] Click on Model
15.04.2023 03:46:48 [DEBUG] Click on Model is done
15.04.2023 03:46:48 [INFO] Getting Model list
15.04.2023 03:46:57 [INFO] Click on Year
15.04.2023 03:46:57 [DEBUG] Click on Year is done
15.04.2023 03:46:57 [INFO] Getting Year list
15.04.2023 03:47:19 [INFO] Quitting Browser Instance! - Finished
